<?xml version="1.0" encoding="UTF-8"?>
<!-- Generated by org.testng.reporters.JUnitReportReporter -->
<testsuite hostname="PJ" failures="0" tests="4" name="com.qa.opencart.tests.LoginPageTest" time="0.311" errors="0" timestamp="2025-09-24T13:51:29 IST" skipped="0">
  <testcase classname="com.qa.opencart.tests.LoginPageTest" name="loginPageTitleTest" time="0.056"/>
  <testcase classname="com.qa.opencart.tests.LoginPageTest" name="loginPageUrlTest" time="0.014"/>
  <testcase classname="com.qa.opencart.tests.LoginPageTest" name="forgotpassLinkExistTest" time="0.029"/>
  <testcase classname="com.qa.opencart.tests.LoginPageTest" name="loginTest" time="0.212"/>
</testsuite> <!-- com.qa.opencart.tests.LoginPageTest -->
